[12669:INFO] 2014-08-17 11:37:42 :: Starting server on 0.0.0.0:9000 in development mode. Watch out for stones.
[12669:INFO] 2014-08-17 11:38:16 :: setup ready
[12669:INFO] 2014-08-17 11:38:23 :: received on_message with asd
[12669:INFO] 2014-08-17 11:38:27 :: received on_message with asdasd
[12669:INFO] 2014-08-17 11:38:31 :: received on_message with asdasdasd
[13270:INFO] 2014-08-17 12:11:13 :: Starting server on 0.0.0.0:9000 in development mode. Watch out for stones.
[12669:ERROR] 2014-08-17 12:11:34 :: on_close Exception: NoMethodError, message: undefined method `[]' for nil:NilClass
[13275:INFO] 2014-08-17 12:11:48 :: Starting server on 0.0.0.0:9000 in development mode. Watch out for stones.
[13275:INFO] 2014-08-17 12:12:52 :: setup ready
[13275:ERROR] 2014-08-17 12:12:54 :: 757: unexpected token at '{'type': 'data', 'temp_c': 1.5}'
/Users/janek/.rvm/rubies/ruby-2.1.2/lib/ruby/2.1.0/json/common.rb:155:in `parse'
/Users/janek/.rvm/rubies/ruby-2.1.2/lib/ruby/2.1.0/json/common.rb:155:in `parse'
/Users/janek/projects/arduino-ws/server.rb:21:in `on_message'
/Users/janek/.rvm/gems/ruby-2.1.2@arduino-goliath/gems/goliath-1.0.4/lib/goliath/websocket.rb:59:in `trigger_on_message'
/Users/janek/.rvm/gems/ruby-2.1.2@arduino-goliath/gems/em-websocket-0.3.8/lib/em-websocket/framing76.rb:84:in `process_data'
/Users/janek/.rvm/gems/ruby-2.1.2@arduino-goliath/gems/em-websocket-0.3.8/lib/em-websocket/handler.rb:28:in `receive_data'
/Users/janek/.rvm/gems/ruby-2.1.2@arduino-goliath/gems/goliath-1.0.4/lib/goliath/websocket.rb:17:in `on_body'
/Users/janek/.rvm/gems/ruby-2.1.2@arduino-goliath/gems/goliath-1.0.4/lib/goliath/request.rb:124:in `call'
/Users/janek/.rvm/gems/ruby-2.1.2@arduino-goliath/gems/goliath-1.0.4/lib/goliath/request.rb:124:in `parse'
/Users/janek/.rvm/gems/ruby-2.1.2@arduino-goliath/gems/goliath-1.0.4/lib/goliath/connection.rb:70:in `receive_data'
/Users/janek/.rvm/gems/ruby-2.1.2@arduino-goliath/gems/eventmachine-1.0.3/lib/eventmachine.rb:187:in `run_machine'
/Users/janek/.rvm/gems/ruby-2.1.2@arduino-goliath/gems/eventmachine-1.0.3/lib/eventmachine.rb:187:in `run'
/Users/janek/.rvm/gems/ruby-2.1.2@arduino-goliath/gems/em-synchrony-1.0.3/lib/em-synchrony.rb:38:in `synchrony'
/Users/janek/.rvm/gems/ruby-2.1.2@arduino-goliath/gems/goliath-1.0.4/lib/goliath/server.rb:73:in `start'
/Users/janek/.rvm/gems/ruby-2.1.2@arduino-goliath/gems/goliath-1.0.4/lib/goliath/runner.rb:304:in `run_server'
/Users/janek/.rvm/gems/ruby-2.1.2@arduino-goliath/gems/goliath-1.0.4/lib/goliath/runner.rb:224:in `run'
/Users/janek/.rvm/gems/ruby-2.1.2@arduino-goliath/gems/goliath-1.0.4/lib/goliath/application.rb:111:in `run!'
/Users/janek/.rvm/gems/ruby-2.1.2@arduino-goliath/gems/goliath-1.0.4/lib/goliath/application.rb:133:in `block in <module:Goliath>'
[13275:INFO] 2014-08-17 12:12:54 :: Status: 500, Content-Length: 58, Response Time: 2090.03ms
[13275:ERROR] 2014-08-17 12:12:54 :: on_close Exception: NoMethodError, message: undefined method `[]' for nil:NilClass
[13370:INFO] 2014-08-17 12:14:05 :: Starting server on 0.0.0.0:9000 in development mode. Watch out for stones.
[13370:INFO] 2014-08-17 12:14:55 :: setup ready
[13370:ERROR] 2014-08-17 12:15:01 :: undefined method `in?' for "data":String
/Users/janek/projects/arduino-ws/server.rb:22:in `on_message'
/Users/janek/.rvm/gems/ruby-2.1.2@arduino-goliath/gems/goliath-1.0.4/lib/goliath/websocket.rb:59:in `trigger_on_message'
/Users/janek/.rvm/gems/ruby-2.1.2@arduino-goliath/gems/em-websocket-0.3.8/lib/em-websocket/framing76.rb:84:in `process_data'
/Users/janek/.rvm/gems/ruby-2.1.2@arduino-goliath/gems/em-websocket-0.3.8/lib/em-websocket/handler.rb:28:in `receive_data'
/Users/janek/.rvm/gems/ruby-2.1.2@arduino-goliath/gems/goliath-1.0.4/lib/goliath/websocket.rb:17:in `on_body'
/Users/janek/.rvm/gems/ruby-2.1.2@arduino-goliath/gems/goliath-1.0.4/lib/goliath/request.rb:124:in `call'
/Users/janek/.rvm/gems/ruby-2.1.2@arduino-goliath/gems/goliath-1.0.4/lib/goliath/request.rb:124:in `parse'
/Users/janek/.rvm/gems/ruby-2.1.2@arduino-goliath/gems/goliath-1.0.4/lib/goliath/connection.rb:70:in `receive_data'
/Users/janek/.rvm/gems/ruby-2.1.2@arduino-goliath/gems/eventmachine-1.0.3/lib/eventmachine.rb:187:in `run_machine'
/Users/janek/.rvm/gems/ruby-2.1.2@arduino-goliath/gems/eventmachine-1.0.3/lib/eventmachine.rb:187:in `run'
/Users/janek/.rvm/gems/ruby-2.1.2@arduino-goliath/gems/em-synchrony-1.0.3/lib/em-synchrony.rb:38:in `synchrony'
/Users/janek/.rvm/gems/ruby-2.1.2@arduino-goliath/gems/goliath-1.0.4/lib/goliath/server.rb:73:in `start'
/Users/janek/.rvm/gems/ruby-2.1.2@arduino-goliath/gems/goliath-1.0.4/lib/goliath/runner.rb:304:in `run_server'
/Users/janek/.rvm/gems/ruby-2.1.2@arduino-goliath/gems/goliath-1.0.4/lib/goliath/runner.rb:224:in `run'
/Users/janek/.rvm/gems/ruby-2.1.2@arduino-goliath/gems/goliath-1.0.4/lib/goliath/application.rb:111:in `run!'
/Users/janek/.rvm/gems/ruby-2.1.2@arduino-goliath/gems/goliath-1.0.4/lib/goliath/application.rb:133:in `block in <module:Goliath>'
[13370:INFO] 2014-08-17 12:15:01 :: Status: 500, Content-Length: 40, Response Time: 5381.61ms
[13370:ERROR] 2014-08-17 12:15:01 :: on_close Exception: NoMethodError, message: undefined method `[]' for nil:NilClass
[13377:INFO] 2014-08-17 12:15:34 :: Starting server on 0.0.0.0:9000 in development mode. Watch out for stones.
[13377:INFO] 2014-08-17 12:17:44 :: setup ready
[13377:ERROR] 2014-08-17 12:17:44 :: no implicit conversion of Float into String
/Users/janek/projects/arduino-ws/server.rb:25:in `+'
/Users/janek/projects/arduino-ws/server.rb:25:in `on_message'
/Users/janek/.rvm/gems/ruby-2.1.2@arduino-goliath/gems/goliath-1.0.4/lib/goliath/websocket.rb:59:in `trigger_on_message'
/Users/janek/.rvm/gems/ruby-2.1.2@arduino-goliath/gems/em-websocket-0.3.8/lib/em-websocket/framing76.rb:84:in `process_data'
/Users/janek/.rvm/gems/ruby-2.1.2@arduino-goliath/gems/em-websocket-0.3.8/lib/em-websocket/handler.rb:28:in `receive_data'
/Users/janek/.rvm/gems/ruby-2.1.2@arduino-goliath/gems/goliath-1.0.4/lib/goliath/websocket.rb:17:in `on_body'
/Users/janek/.rvm/gems/ruby-2.1.2@arduino-goliath/gems/goliath-1.0.4/lib/goliath/request.rb:124:in `call'
/Users/janek/.rvm/gems/ruby-2.1.2@arduino-goliath/gems/goliath-1.0.4/lib/goliath/request.rb:124:in `parse'
/Users/janek/.rvm/gems/ruby-2.1.2@arduino-goliath/gems/goliath-1.0.4/lib/goliath/connection.rb:70:in `receive_data'
/Users/janek/.rvm/gems/ruby-2.1.2@arduino-goliath/gems/eventmachine-1.0.3/lib/eventmachine.rb:187:in `run_machine'
/Users/janek/.rvm/gems/ruby-2.1.2@arduino-goliath/gems/eventmachine-1.0.3/lib/eventmachine.rb:187:in `run'
/Users/janek/.rvm/gems/ruby-2.1.2@arduino-goliath/gems/em-synchrony-1.0.3/lib/em-synchrony.rb:38:in `synchrony'
/Users/janek/.rvm/gems/ruby-2.1.2@arduino-goliath/gems/goliath-1.0.4/lib/goliath/server.rb:73:in `start'
/Users/janek/.rvm/gems/ruby-2.1.2@arduino-goliath/gems/goliath-1.0.4/lib/goliath/runner.rb:304:in `run_server'
/Users/janek/.rvm/gems/ruby-2.1.2@arduino-goliath/gems/goliath-1.0.4/lib/goliath/runner.rb:224:in `run'
/Users/janek/.rvm/gems/ruby-2.1.2@arduino-goliath/gems/goliath-1.0.4/lib/goliath/application.rb:111:in `run!'
/Users/janek/.rvm/gems/ruby-2.1.2@arduino-goliath/gems/goliath-1.0.4/lib/goliath/application.rb:133:in `block in <module:Goliath>'
[13377:INFO] 2014-08-17 12:17:44 :: Status: 500, Content-Length: 43, Response Time: 403.17ms
[13377:ERROR] 2014-08-17 12:17:44 :: on_close Exception: NoMethodError, message: undefined method `[]' for nil:NilClass
[13388:INFO] 2014-08-17 12:18:12 :: Starting server on 0.0.0.0:9000 in development mode. Watch out for stones.
[13388:INFO] 2014-08-17 12:18:47 :: setup ready
[13388:INFO] 2014-08-17 12:18:49 :: received data1.5
[13388:INFO] 2014-08-17 12:18:51 :: received data1.5
[13388:INFO] 2014-08-17 12:18:53 :: received data1.5
[13388:INFO] 2014-08-17 12:18:55 :: received data1.5
[13388:INFO] 2014-08-17 12:18:57 :: received data1.5
[13388:INFO] 2014-08-17 12:18:59 :: received data1.5
[13388:INFO] 2014-08-17 12:19:01 :: received data1.5
[13388:INFO] 2014-08-17 12:19:03 :: received data1.5
[13388:INFO] 2014-08-17 12:19:05 :: received data1.5
[13388:INFO] 2014-08-17 12:19:07 :: received data1.5
[13388:INFO] 2014-08-17 12:19:09 :: received data1.5
[13388:INFO] 2014-08-17 12:19:11 :: received data1.5
[13388:INFO] 2014-08-17 12:19:13 :: received data1.5
[13388:INFO] 2014-08-17 12:19:15 :: received data1.5
[13388:INFO] 2014-08-17 12:19:17 :: received data1.5
[13388:INFO] 2014-08-17 12:19:19 :: received data1.5
[13388:INFO] 2014-08-17 12:19:21 :: received data1.5
[13388:INFO] 2014-08-17 12:19:23 :: received data1.5
[13388:INFO] 2014-08-17 12:19:25 :: received data1.5
[13388:INFO] 2014-08-17 12:19:27 :: received data1.5
[13388:INFO] 2014-08-17 12:19:29 :: received data1.5
[13388:INFO] 2014-08-17 12:19:31 :: received data1.5
[13388:INFO] 2014-08-17 12:19:34 :: received data1.5
[13388:INFO] 2014-08-17 12:19:35 :: received data1.5
[13388:INFO] 2014-08-17 12:19:37 :: received data1.5
[13388:INFO] 2014-08-17 12:19:39 :: received data1.5
[13388:INFO] 2014-08-17 12:19:42 :: received data1.5
[13388:INFO] 2014-08-17 12:19:44 :: received data1.5
[13388:INFO] 2014-08-17 12:19:46 :: received data1.5
[13388:INFO] 2014-08-17 12:19:48 :: received data1.5
[13388:INFO] 2014-08-17 12:19:50 :: received data1.5
[13388:INFO] 2014-08-17 12:19:52 :: received data1.5
[13388:INFO] 2014-08-17 12:19:54 :: received data1.5
[13388:INFO] 2014-08-17 12:19:56 :: received data1.5
[13388:INFO] 2014-08-17 12:19:58 :: received data1.5
[13388:INFO] 2014-08-17 12:20:00 :: received data1.5
[13388:INFO] 2014-08-17 12:20:02 :: received data1.5
[13388:INFO] 2014-08-17 12:20:04 :: received data1.5
[13388:INFO] 2014-08-17 12:20:06 :: received data1.5
[13388:INFO] 2014-08-17 12:20:08 :: received data1.5
[13388:INFO] 2014-08-17 12:20:10 :: received data1.5
[13388:INFO] 2014-08-17 12:20:12 :: received data1.5
[13388:INFO] 2014-08-17 12:20:14 :: received data1.5
[13388:INFO] 2014-08-17 12:20:16 :: received data1.5
[13388:INFO] 2014-08-17 12:20:18 :: received data1.5
[13388:INFO] 2014-08-17 12:20:20 :: received data1.5
[13388:INFO] 2014-08-17 12:20:22 :: received data1.5
[13388:INFO] 2014-08-17 12:20:24 :: received data1.5
[13388:INFO] 2014-08-17 12:20:26 :: received data1.5
[13388:INFO] 2014-08-17 12:20:28 :: received data1.5
[13388:INFO] 2014-08-17 12:20:30 :: received data1.5
[13388:INFO] 2014-08-17 12:20:32 :: received data1.5
[13388:INFO] 2014-08-17 12:20:34 :: received data1.5
[13388:INFO] 2014-08-17 12:20:36 :: received data1.5
[13388:INFO] 2014-08-17 12:20:38 :: received data1.5
[13388:INFO] 2014-08-17 12:20:40 :: received data1.5
[13388:INFO] 2014-08-17 12:20:42 :: received data1.5
[13388:INFO] 2014-08-17 12:20:44 :: received data1.5
[13388:INFO] 2014-08-17 12:20:46 :: received data1.5
[13388:INFO] 2014-08-17 12:20:48 :: received data1.5
[13388:INFO] 2014-08-17 12:20:51 :: received data1.5
[13388:INFO] 2014-08-17 12:20:53 :: received data1.5
[13388:INFO] 2014-08-17 12:20:55 :: received data1.5
[13388:INFO] 2014-08-17 12:20:57 :: received data1.5
[13388:INFO] 2014-08-17 12:20:59 :: received data1.5
[13388:INFO] 2014-08-17 12:21:01 :: received data1.5
[13388:INFO] 2014-08-17 12:21:03 :: received data1.5
[13388:INFO] 2014-08-17 12:21:05 :: received data1.5
[13388:INFO] 2014-08-17 12:21:07 :: received data1.5
[13388:INFO] 2014-08-17 12:21:09 :: received data1.5
[13388:INFO] 2014-08-17 12:21:11 :: received data1.5
[13388:INFO] 2014-08-17 12:21:13 :: received data1.5
[13388:INFO] 2014-08-17 12:21:15 :: received data1.5
[13388:INFO] 2014-08-17 12:21:17 :: received data1.5
[13388:INFO] 2014-08-17 12:21:19 :: received data1.5
[13388:INFO] 2014-08-17 12:21:21 :: received data1.5
[13388:INFO] 2014-08-17 12:21:23 :: received data1.5
[13388:INFO] 2014-08-17 12:21:25 :: received data1.5
[13388:INFO] 2014-08-17 12:21:27 :: received data1.5
[13388:INFO] 2014-08-17 12:21:29 :: received data1.5
[13388:INFO] 2014-08-17 12:21:31 :: received data1.5
[13388:INFO] 2014-08-17 12:21:33 :: received data1.5
[13388:INFO] 2014-08-17 12:21:35 :: received data1.5
[13388:INFO] 2014-08-17 12:21:37 :: received data1.5
[13388:INFO] 2014-08-17 12:21:39 :: received data1.5
[13388:INFO] 2014-08-17 12:21:42 :: received data1.5
[13388:INFO] 2014-08-17 12:21:43 :: received data1.5
[13388:INFO] 2014-08-17 12:21:45 :: received data1.5
[13388:INFO] 2014-08-17 12:21:47 :: received data1.5
[13388:INFO] 2014-08-17 12:21:49 :: received data1.5
[13388:INFO] 2014-08-17 12:21:51 :: received data1.5
[13388:INFO] 2014-08-17 12:21:53 :: received data1.5
[13388:INFO] 2014-08-17 12:21:55 :: received data1.5
[13388:INFO] 2014-08-17 12:21:57 :: received data1.5
[13388:INFO] 2014-08-17 12:22:00 :: received data1.5
[13388:INFO] 2014-08-17 12:22:01 :: received data1.5
[13388:INFO] 2014-08-17 12:22:04 :: received data1.5
[13388:INFO] 2014-08-17 12:22:06 :: received data1.5
[13388:INFO] 2014-08-17 12:22:08 :: received data1.5
[13388:INFO] 2014-08-17 12:22:10 :: received data1.5
[13388:INFO] 2014-08-17 12:22:12 :: received data1.5
[13388:INFO] 2014-08-17 12:22:14 :: received data1.5
[13388:INFO] 2014-08-17 12:22:16 :: received data1.5
[13388:INFO] 2014-08-17 12:22:18 :: received data1.5
[13388:INFO] 2014-08-17 12:22:20 :: received data1.5
[13388:INFO] 2014-08-17 12:22:22 :: received data1.5
[13388:INFO] 2014-08-17 12:22:24 :: received data1.5
[13388:INFO] 2014-08-17 12:22:26 :: received data1.5
[13388:INFO] 2014-08-17 12:22:28 :: received data1.5
[13388:INFO] 2014-08-17 12:22:30 :: received data1.5
[13388:INFO] 2014-08-17 12:22:32 :: received data1.5
[13388:INFO] 2014-08-17 12:22:34 :: received data1.5
[13388:INFO] 2014-08-17 12:22:36 :: received data1.5
[13388:INFO] 2014-08-17 12:22:38 :: received data1.5
[13388:INFO] 2014-08-17 12:22:40 :: received data1.5
[13388:INFO] 2014-08-17 12:22:42 :: received data1.5
[13388:INFO] 2014-08-17 12:22:44 :: received data1.5
[13388:INFO] 2014-08-17 12:22:46 :: received data1.5
[13388:INFO] 2014-08-17 12:22:48 :: received data1.5
[13388:INFO] 2014-08-17 12:22:50 :: received data1.5
[13388:INFO] 2014-08-17 12:22:52 :: received data1.5
[13388:INFO] 2014-08-17 12:22:54 :: received data1.5
[13388:INFO] 2014-08-17 12:22:56 :: received data1.5
[13388:INFO] 2014-08-17 12:22:58 :: received data1.5
[13388:INFO] 2014-08-17 12:23:00 :: received data1.5
[13388:INFO] 2014-08-17 12:23:02 :: received data1.5
[13388:INFO] 2014-08-17 12:23:04 :: received data1.5
[13388:INFO] 2014-08-17 12:23:07 :: received data1.5
[13388:INFO] 2014-08-17 12:23:09 :: received data1.5
[13388:INFO] 2014-08-17 12:23:11 :: received data1.5
[13388:INFO] 2014-08-17 12:23:13 :: received data1.5
[13388:INFO] 2014-08-17 12:23:14 :: received data1.5
[13388:INFO] 2014-08-17 12:23:17 :: received data1.5
[13388:INFO] 2014-08-17 12:23:19 :: received data1.5
[13388:INFO] 2014-08-17 12:23:21 :: received data1.5
[13388:INFO] 2014-08-17 12:23:23 :: received data1.5
[13388:INFO] 2014-08-17 12:23:25 :: received data1.5
[13388:INFO] 2014-08-17 12:23:27 :: received data1.5
[13388:INFO] 2014-08-17 12:23:29 :: received data1.5
[13388:INFO] 2014-08-17 12:23:31 :: received data1.5
[13388:INFO] 2014-08-17 12:23:33 :: received data1.5
[13388:INFO] 2014-08-17 12:23:35 :: received data1.5
[13388:INFO] 2014-08-17 12:23:37 :: received data1.5
[13388:INFO] 2014-08-17 12:23:39 :: received data1.5
[13388:INFO] 2014-08-17 12:23:41 :: received data1.5
[13388:INFO] 2014-08-17 12:23:43 :: received data1.5
[13388:INFO] 2014-08-17 12:23:45 :: received data1.5
[13388:INFO] 2014-08-17 12:23:47 :: received data1.5
[13388:INFO] 2014-08-17 12:23:49 :: received data1.5
[13388:INFO] 2014-08-17 12:23:51 :: received data1.5
[13388:INFO] 2014-08-17 12:23:53 :: received data1.5
[13388:INFO] 2014-08-17 12:23:55 :: received data1.5
[13388:INFO] 2014-08-17 12:23:57 :: received data1.5
[13388:INFO] 2014-08-17 12:23:59 :: received data1.5
[13388:INFO] 2014-08-17 12:24:01 :: received data1.5
[13388:INFO] 2014-08-17 12:24:03 :: received data1.5
[13388:INFO] 2014-08-17 12:24:05 :: received data1.5
[13388:INFO] 2014-08-17 12:24:07 :: received data1.5
[13388:INFO] 2014-08-17 12:24:09 :: received data1.5
[13388:INFO] 2014-08-17 12:24:11 :: received data1.5
[13388:INFO] 2014-08-17 12:24:13 :: received data1.5
[13388:INFO] 2014-08-17 12:24:16 :: received data1.5
[13388:INFO] 2014-08-17 12:24:17 :: received data1.5
[13388:INFO] 2014-08-17 12:24:19 :: received data1.5
[13388:INFO] 2014-08-17 12:24:21 :: received data1.5
[13388:INFO] 2014-08-17 12:24:24 :: received data1.5
[13388:INFO] 2014-08-17 12:24:26 :: received data1.5
[13388:INFO] 2014-08-17 12:24:28 :: received data1.5
[13388:INFO] 2014-08-17 12:24:30 :: received data1.5
[13388:INFO] 2014-08-17 12:24:32 :: received data1.5
[13388:INFO] 2014-08-17 12:24:34 :: received data1.5
[13388:INFO] 2014-08-17 12:24:36 :: received data1.5
[13388:INFO] 2014-08-17 12:24:38 :: received data1.5
[13388:INFO] 2014-08-17 12:24:40 :: received data1.5
[13388:INFO] 2014-08-17 12:24:42 :: received data1.5
[13388:INFO] 2014-08-17 12:24:44 :: received data1.5
[13388:INFO] 2014-08-17 12:24:46 :: received data1.5
[13388:INFO] 2014-08-17 12:24:48 :: received data1.5
[13388:INFO] 2014-08-17 12:24:50 :: received data1.5
[13388:INFO] 2014-08-17 12:24:52 :: received data1.5
[13388:INFO] 2014-08-17 12:24:54 :: received data1.5
[13388:INFO] 2014-08-17 12:24:56 :: received data1.5
[13388:INFO] 2014-08-17 12:24:58 :: received data1.5
[13388:INFO] 2014-08-17 12:25:00 :: received data1.5
[13388:INFO] 2014-08-17 12:25:02 :: received data1.5
[13388:INFO] 2014-08-17 12:25:04 :: received data1.5
[13388:INFO] 2014-08-17 12:25:06 :: received data1.5
[13388:INFO] 2014-08-17 12:25:08 :: received data1.5
[13388:INFO] 2014-08-17 12:25:10 :: received data1.5
[13388:INFO] 2014-08-17 12:25:12 :: received data1.5
[13388:INFO] 2014-08-17 12:25:14 :: received data1.5
[13388:INFO] 2014-08-17 12:25:16 :: received data1.5
[13388:INFO] 2014-08-17 12:25:18 :: received data1.5
[13388:INFO] 2014-08-17 12:25:20 :: received data1.5
[13388:INFO] 2014-08-17 12:25:22 :: received data1.5
[13388:INFO] 2014-08-17 12:25:24 :: received data1.5
[13388:INFO] 2014-08-17 12:25:26 :: received data1.5
[13388:INFO] 2014-08-17 12:25:28 :: received data1.5
[13388:INFO] 2014-08-17 12:25:30 :: received data1.5
[13388:INFO] 2014-08-17 12:25:33 :: received data1.5
[13388:INFO] 2014-08-17 12:25:35 :: received data1.5
[13388:INFO] 2014-08-17 12:25:37 :: received data1.5
[13388:INFO] 2014-08-17 12:25:39 :: received data1.5
[13388:INFO] 2014-08-17 12:25:41 :: received data1.5
[13388:INFO] 2014-08-17 12:25:43 :: received data1.5
[13388:INFO] 2014-08-17 12:25:45 :: received data1.5
[13388:INFO] 2014-08-17 12:25:47 :: received data1.5
[13388:INFO] 2014-08-17 12:25:49 :: received data1.5
[13388:INFO] 2014-08-17 12:25:51 :: received data1.5
[13388:INFO] 2014-08-17 12:25:53 :: received data1.5
[13388:INFO] 2014-08-17 12:25:55 :: received data1.5
[13388:INFO] 2014-08-17 12:25:57 :: received data1.5
[13388:INFO] 2014-08-17 12:25:59 :: received data1.5
[13388:INFO] 2014-08-17 12:26:01 :: received data1.5
[13388:INFO] 2014-08-17 12:26:03 :: received data1.5
[13388:INFO] 2014-08-17 12:26:05 :: received data1.5
[13388:INFO] 2014-08-17 12:26:07 :: received data1.5
[13388:INFO] 2014-08-17 12:26:09 :: received data1.5
[13388:INFO] 2014-08-17 12:26:11 :: received data1.5
[13388:INFO] 2014-08-17 12:26:13 :: received data1.5
[13388:INFO] 2014-08-17 12:26:15 :: received data1.5
[13388:INFO] 2014-08-17 12:26:17 :: received data1.5
[13388:INFO] 2014-08-17 12:26:19 :: received data1.5
[13388:INFO] 2014-08-17 12:26:21 :: received data1.5
[13388:INFO] 2014-08-17 12:26:23 :: received data1.5
[13388:INFO] 2014-08-17 12:26:25 :: received data1.5
[13388:INFO] 2014-08-17 12:26:27 :: received data1.5
[13388:INFO] 2014-08-17 12:26:29 :: received data1.5
[13388:INFO] 2014-08-17 12:26:31 :: received data1.5
[13388:INFO] 2014-08-17 12:26:33 :: received data1.5
[13388:INFO] 2014-08-17 12:26:35 :: received data1.5
[13388:INFO] 2014-08-17 12:26:37 :: received data1.5
[13388:INFO] 2014-08-17 12:26:40 :: received data1.5
[13388:INFO] 2014-08-17 12:26:42 :: received data1.5
[13388:INFO] 2014-08-17 12:26:43 :: received data1.5
[13388:INFO] 2014-08-17 12:26:45 :: received data1.5
[13388:INFO] 2014-08-17 12:26:48 :: received data1.5
[13388:INFO] 2014-08-17 12:26:50 :: received data1.5
[13388:INFO] 2014-08-17 12:26:52 :: received data1.5
[13388:INFO] 2014-08-17 12:26:54 :: received data1.5
[13388:INFO] 2014-08-17 12:26:56 :: received data1.5
[13388:INFO] 2014-08-17 12:26:58 :: received data1.5
[13388:INFO] 2014-08-17 12:27:00 :: received data1.5
[13388:INFO] 2014-08-17 12:27:02 :: received data1.5
[13388:INFO] 2014-08-17 12:27:04 :: received data1.5
[13388:INFO] 2014-08-17 12:27:06 :: received data1.5
[13388:INFO] 2014-08-17 12:27:08 :: received data1.5
[13388:INFO] 2014-08-17 12:27:10 :: received data1.5
[13388:INFO] 2014-08-17 12:27:12 :: received data1.5
[13388:INFO] 2014-08-17 12:27:14 :: received data1.5
[13388:INFO] 2014-08-17 12:27:16 :: received data1.5
[13388:INFO] 2014-08-17 12:27:18 :: received data1.5
[13388:INFO] 2014-08-17 12:27:20 :: received data1.5
[13388:INFO] 2014-08-17 12:27:22 :: received data1.5
[13388:INFO] 2014-08-17 12:27:24 :: received data1.5
[13388:INFO] 2014-08-17 12:27:26 :: received data1.5
[13388:INFO] 2014-08-17 12:27:28 :: received data1.5
[13388:INFO] 2014-08-17 12:27:30 :: received data1.5
[13388:INFO] 2014-08-17 12:27:32 :: received data1.5
[13388:INFO] 2014-08-17 12:27:34 :: received data1.5
[13388:INFO] 2014-08-17 12:27:36 :: received data1.5
[13388:INFO] 2014-08-17 12:27:38 :: received data1.5
[13388:INFO] 2014-08-17 12:27:40 :: received data1.5
[13388:INFO] 2014-08-17 12:27:42 :: received data1.5
[13388:INFO] 2014-08-17 12:27:44 :: received data1.5
[13388:INFO] 2014-08-17 12:27:46 :: received data1.5
[13388:INFO] 2014-08-17 12:27:48 :: received data1.5
[13388:INFO] 2014-08-17 12:27:51 :: received data1.5
[13388:INFO] 2014-08-17 12:27:52 :: received data1.5
[13388:INFO] 2014-08-17 12:27:54 :: received data1.5
[13388:INFO] 2014-08-17 12:27:57 :: received data1.5
[13388:INFO] 2014-08-17 12:27:59 :: received data1.5
[13388:INFO] 2014-08-17 12:28:01 :: received data1.5
[13388:INFO] 2014-08-17 12:28:03 :: received data1.5
[13388:INFO] 2014-08-17 12:28:05 :: received data1.5
[13388:INFO] 2014-08-17 12:28:07 :: received data1.5
[13388:INFO] 2014-08-17 12:28:09 :: received data1.5
[13388:INFO] 2014-08-17 12:28:11 :: received data1.5
[13388:INFO] 2014-08-17 12:28:13 :: received data1.5
[13388:INFO] 2014-08-17 12:28:15 :: received data1.5
[13388:INFO] 2014-08-17 12:28:17 :: received data1.5
[13388:INFO] 2014-08-17 12:28:19 :: received data1.5
[13388:INFO] 2014-08-17 12:28:21 :: received data1.5
[13388:INFO] 2014-08-17 12:28:23 :: received data1.5
[13388:INFO] 2014-08-17 12:28:25 :: received data1.5
[13388:INFO] 2014-08-17 12:28:27 :: received data1.5
[13388:INFO] 2014-08-17 12:28:29 :: received data1.5
[13388:INFO] 2014-08-17 12:28:31 :: received data1.5
[13388:INFO] 2014-08-17 12:28:33 :: received data1.5
[13388:INFO] 2014-08-17 12:28:35 :: received data1.5
[13388:INFO] 2014-08-17 12:28:37 :: received data1.5
[13388:INFO] 2014-08-17 12:28:39 :: received data1.5
[13388:INFO] 2014-08-17 12:28:41 :: received data1.5
[13388:INFO] 2014-08-17 12:28:43 :: received data1.5
[13388:INFO] 2014-08-17 12:28:45 :: received data1.5
[13388:INFO] 2014-08-17 12:28:47 :: received data1.5
[13388:INFO] 2014-08-17 12:28:49 :: received data1.5
[13388:INFO] 2014-08-17 12:28:51 :: received data1.5
[13388:INFO] 2014-08-17 12:28:53 :: received data1.5
[13388:INFO] 2014-08-17 12:28:55 :: received data1.5
[13388:INFO] 2014-08-17 12:28:57 :: received data1.5
[13388:INFO] 2014-08-17 12:28:59 :: received data1.5
[13388:INFO] 2014-08-17 12:29:01 :: received data1.5
[13388:INFO] 2014-08-17 12:29:03 :: received data1.5
[13388:INFO] 2014-08-17 12:29:06 :: received data1.5
[13388:INFO] 2014-08-17 12:29:07 :: received data1.5
[13388:INFO] 2014-08-17 12:29:09 :: received data1.5
[13388:INFO] 2014-08-17 12:29:11 :: received data1.5
[13388:INFO] 2014-08-17 12:29:14 :: received data1.5
[13388:INFO] 2014-08-17 12:29:16 :: received data1.5
[13388:INFO] 2014-08-17 12:29:18 :: received data1.5
[13388:INFO] 2014-08-17 12:29:20 :: received data1.5
[13388:INFO] 2014-08-17 12:29:22 :: received data1.5
[13388:INFO] 2014-08-17 12:29:24 :: received data1.5
[13388:INFO] 2014-08-17 12:29:26 :: received data1.5
[13388:INFO] 2014-08-17 12:29:28 :: received data1.5
[13388:INFO] 2014-08-17 12:29:30 :: received data1.5
[13388:INFO] 2014-08-17 12:29:32 :: received data1.5
[13388:INFO] 2014-08-17 12:29:34 :: received data1.5
[13388:INFO] 2014-08-17 12:29:36 :: received data1.5
[13388:INFO] 2014-08-17 12:29:38 :: received data1.5
[13388:INFO] 2014-08-17 12:29:40 :: received data1.5
[13388:INFO] 2014-08-17 12:29:42 :: received data1.5
[13388:INFO] 2014-08-17 12:29:44 :: received data1.5
[13388:INFO] 2014-08-17 12:29:46 :: received data1.5
[13388:INFO] 2014-08-17 12:29:48 :: received data1.5
[13388:INFO] 2014-08-17 12:29:50 :: received data1.5
[13388:INFO] 2014-08-17 12:29:52 :: received data1.5
[13388:INFO] 2014-08-17 12:29:54 :: received data1.5
[13388:INFO] 2014-08-17 12:29:56 :: received data1.5
[13388:INFO] 2014-08-17 12:29:58 :: received data1.5
[13388:INFO] 2014-08-17 12:30:00 :: received data1.5
[13388:INFO] 2014-08-17 12:30:02 :: received data1.5
[13388:INFO] 2014-08-17 12:30:04 :: received data1.5
[13388:INFO] 2014-08-17 12:30:06 :: received data1.5
[13388:INFO] 2014-08-17 12:30:08 :: received data1.5
[13388:INFO] 2014-08-17 12:30:10 :: received data1.5
[13388:INFO] 2014-08-17 12:30:12 :: received data1.5
[13388:INFO] 2014-08-17 12:30:14 :: received data1.5
[13388:INFO] 2014-08-17 12:30:16 :: received data1.5
[13388:INFO] 2014-08-17 12:30:18 :: received data1.5
[13388:INFO] 2014-08-17 12:30:20 :: received data1.5
[13388:INFO] 2014-08-17 12:30:23 :: received data1.5
[13388:INFO] 2014-08-17 12:30:25 :: received data1.5
[13388:INFO] 2014-08-17 12:30:27 :: received data1.5
[13388:INFO] 2014-08-17 12:30:28 :: received data1.5
[13388:INFO] 2014-08-17 12:30:31 :: received data1.5
[13388:INFO] 2014-08-17 12:30:33 :: received data1.5
[13388:INFO] 2014-08-17 12:30:35 :: received data1.5
[13388:INFO] 2014-08-17 12:30:37 :: received data1.5
[13388:INFO] 2014-08-17 12:30:39 :: received data1.5
[13388:INFO] 2014-08-17 12:30:41 :: received data1.5
[13388:INFO] 2014-08-17 12:30:43 :: received data1.5
[13388:INFO] 2014-08-17 12:30:45 :: received data1.5
[13388:INFO] 2014-08-17 12:30:47 :: received data1.5
[13388:INFO] 2014-08-17 12:30:49 :: received data1.5
[13388:INFO] 2014-08-17 12:30:51 :: received data1.5
[13388:INFO] 2014-08-17 12:30:53 :: received data1.5
[13388:INFO] 2014-08-17 12:30:55 :: received data1.5
[13388:INFO] 2014-08-17 12:30:57 :: received data1.5
[13388:INFO] 2014-08-17 12:30:59 :: received data1.5
[13388:INFO] 2014-08-17 12:31:01 :: received data1.5
[13388:INFO] 2014-08-17 12:31:03 :: received data1.5
[13388:INFO] 2014-08-17 12:31:05 :: received data1.5
[13388:INFO] 2014-08-17 12:31:07 :: received data1.5
[13388:INFO] 2014-08-17 12:31:09 :: received data1.5
[13388:INFO] 2014-08-17 12:31:11 :: received data1.5
[13388:INFO] 2014-08-17 12:31:13 :: received data1.5
[13388:INFO] 2014-08-17 12:31:15 :: received data1.5
[13388:INFO] 2014-08-17 12:31:17 :: received data1.5
[13388:INFO] 2014-08-17 12:31:19 :: received data1.5
[13388:INFO] 2014-08-17 12:31:21 :: received data1.5
[13388:INFO] 2014-08-17 12:31:23 :: received data1.5
[13388:INFO] 2014-08-17 12:31:25 :: received data1.5
[13388:INFO] 2014-08-17 12:31:27 :: received data1.5
[13388:INFO] 2014-08-17 12:31:29 :: received data1.5
[13388:INFO] 2014-08-17 12:31:31 :: received data1.5
[13388:INFO] 2014-08-17 12:31:33 :: received data1.5
[13388:INFO] 2014-08-17 12:31:35 :: received data1.5
[13388:INFO] 2014-08-17 12:31:37 :: received data1.5
[13388:INFO] 2014-08-17 12:31:40 :: received data1.5
[13388:INFO] 2014-08-17 12:31:41 :: received data1.5
[13388:INFO] 2014-08-17 12:31:44 :: received data1.5
[13388:INFO] 2014-08-17 12:31:46 :: received data1.5
[13388:INFO] 2014-08-17 12:31:48 :: received data1.5
[13388:INFO] 2014-08-17 12:31:50 :: received data1.5
[13388:INFO] 2014-08-17 12:31:52 :: received data1.5
[13388:INFO] 2014-08-17 12:31:54 :: received data1.5
[13388:INFO] 2014-08-17 12:31:56 :: received data1.5
[13388:INFO] 2014-08-17 12:31:58 :: received data1.5
[13388:INFO] 2014-08-17 12:32:00 :: received data1.5
[13388:INFO] 2014-08-17 12:32:02 :: received data1.5
[13388:INFO] 2014-08-17 12:32:04 :: received data1.5
[13388:INFO] 2014-08-17 12:32:06 :: received data1.5
[13388:INFO] 2014-08-17 12:32:08 :: received data1.5
[13388:INFO] 2014-08-17 12:32:10 :: received data1.5
[13388:INFO] 2014-08-17 12:32:12 :: received data1.5
[13388:INFO] 2014-08-17 12:32:14 :: received data1.5
[13388:INFO] 2014-08-17 12:32:16 :: received data1.5
[13388:INFO] 2014-08-17 12:32:18 :: received data1.5
[13388:INFO] 2014-08-17 12:32:20 :: received data1.5
[13388:INFO] 2014-08-17 12:32:22 :: received data1.5
[13388:INFO] 2014-08-17 12:32:24 :: received data1.5
[13388:INFO] 2014-08-17 12:32:26 :: received data1.5
[13388:INFO] 2014-08-17 12:32:28 :: received data1.5
[13388:INFO] 2014-08-17 12:32:30 :: received data1.5
[13388:INFO] 2014-08-17 12:32:32 :: received data1.5
[13388:INFO] 2014-08-17 12:32:34 :: received data1.5
[13388:INFO] 2014-08-17 12:32:36 :: received data1.5
[13388:INFO] 2014-08-17 12:32:38 :: received data1.5
[13388:INFO] 2014-08-17 12:32:40 :: received data1.5
[13388:INFO] 2014-08-17 12:32:42 :: received data1.5
[13388:INFO] 2014-08-17 12:32:44 :: received data1.5
[13388:INFO] 2014-08-17 12:32:47 :: received data1.5
[13388:INFO] 2014-08-17 12:32:49 :: received data1.5
[13388:INFO] 2014-08-17 12:32:50 :: received data1.5
[13388:INFO] 2014-08-17 12:32:52 :: received data1.5
[13388:INFO] 2014-08-17 12:32:55 :: received data1.5
[13388:INFO] 2014-08-17 12:32:57 :: received data1.5
[13388:INFO] 2014-08-17 12:32:59 :: received data1.5
[13388:INFO] 2014-08-17 12:33:01 :: received data1.5
[13388:INFO] 2014-08-17 12:33:03 :: received data1.5
[13388:INFO] 2014-08-17 12:33:05 :: received data1.5
[13388:INFO] 2014-08-17 12:33:07 :: received data1.5
[13388:INFO] 2014-08-17 12:33:09 :: received data1.5
[13388:INFO] 2014-08-17 12:33:11 :: received data1.5
[13388:INFO] 2014-08-17 12:33:13 :: received data1.5
[13388:INFO] 2014-08-17 12:33:15 :: received data1.5
[13388:INFO] 2014-08-17 12:33:17 :: received data1.5
[13388:INFO] 2014-08-17 12:33:19 :: received data1.5
[13388:INFO] 2014-08-17 12:33:21 :: received data1.5
[13388:INFO] 2014-08-17 12:33:23 :: received data1.5
[13388:INFO] 2014-08-17 12:33:25 :: received data1.5
[13388:INFO] 2014-08-17 12:33:27 :: received data1.5
[13388:INFO] 2014-08-17 12:33:29 :: received data1.5
[13388:INFO] 2014-08-17 12:33:31 :: received data1.5
[13388:INFO] 2014-08-17 12:33:33 :: received data1.5
[13388:INFO] 2014-08-17 12:33:35 :: received data1.5
[13388:INFO] 2014-08-17 12:33:37 :: received data1.5
[13388:INFO] 2014-08-17 12:33:39 :: received data1.5
[13388:INFO] 2014-08-17 12:33:41 :: received data1.5
[13388:INFO] 2014-08-17 12:33:43 :: received data1.5
[13388:INFO] 2014-08-17 12:33:45 :: received data1.5
[13388:INFO] 2014-08-17 12:33:47 :: received data1.5
[13388:INFO] 2014-08-17 12:33:49 :: received data1.5
[13388:INFO] 2014-08-17 12:33:51 :: received data1.5
[13388:INFO] 2014-08-17 12:33:53 :: received data1.5
[13388:INFO] 2014-08-17 12:33:55 :: received data1.5
[13388:INFO] 2014-08-17 12:33:57 :: received data1.5
[13388:INFO] 2014-08-17 12:33:59 :: received data1.5
[13388:INFO] 2014-08-17 12:34:01 :: received data1.5
[13388:INFO] 2014-08-17 12:34:04 :: received data1.5
[13388:INFO] 2014-08-17 12:34:06 :: received data1.5
[13388:INFO] 2014-08-17 12:34:08 :: received data1.5
[13388:INFO] 2014-08-17 12:34:10 :: received data1.5
[13388:INFO] 2014-08-17 12:34:12 :: received data1.5
[13388:INFO] 2014-08-17 12:34:14 :: received data1.5
[13388:INFO] 2014-08-17 12:34:16 :: received data1.5
[13388:INFO] 2014-08-17 12:34:18 :: received data1.5
[13388:INFO] 2014-08-17 12:34:20 :: received data1.5
[13388:INFO] 2014-08-17 12:34:22 :: received data1.5
[13388:INFO] 2014-08-17 12:34:24 :: received data1.5
[13388:INFO] 2014-08-17 12:34:26 :: received data1.5
[13388:INFO] 2014-08-17 12:34:28 :: received data1.5
[13388:INFO] 2014-08-17 12:34:30 :: received data1.5
[13388:INFO] 2014-08-17 12:34:32 :: received data1.5
[13388:INFO] 2014-08-17 12:34:34 :: received data1.5
[13388:INFO] 2014-08-17 12:34:36 :: received data1.5
[13388:INFO] 2014-08-17 12:34:38 :: received data1.5
[13388:INFO] 2014-08-17 12:34:40 :: received data1.5
[13388:INFO] 2014-08-17 12:34:42 :: received data1.5
[13388:INFO] 2014-08-17 12:34:44 :: received data1.5
[13388:INFO] 2014-08-17 12:34:46 :: received data1.5
[13388:INFO] 2014-08-17 12:34:48 :: received data1.5
[13388:INFO] 2014-08-17 12:34:50 :: received data1.5
[13388:INFO] 2014-08-17 12:34:52 :: received data1.5
[13388:INFO] 2014-08-17 12:34:54 :: received data1.5
[13388:INFO] 2014-08-17 12:34:56 :: received data1.5
[13388:INFO] 2014-08-17 12:34:58 :: received data1.5
[13388:INFO] 2014-08-17 12:35:00 :: received data1.5
[13388:INFO] 2014-08-17 12:35:02 :: received data1.5
[13388:INFO] 2014-08-17 12:35:04 :: received data1.5
[13388:INFO] 2014-08-17 12:35:06 :: received data1.5
[13388:INFO] 2014-08-17 12:35:08 :: received data1.5
[13388:INFO] 2014-08-17 12:35:10 :: received data1.5
[13388:INFO] 2014-08-17 12:35:13 :: received data1.5
[13388:INFO] 2014-08-17 12:35:15 :: received data1.5
[13388:INFO] 2014-08-17 12:35:16 :: received data1.5
[13388:INFO] 2014-08-17 12:35:18 :: received data1.5
[13388:INFO] 2014-08-17 12:35:21 :: received data1.5
[13388:INFO] 2014-08-17 12:35:23 :: received data1.5
[13388:INFO] 2014-08-17 12:35:25 :: received data1.5
[13388:INFO] 2014-08-17 12:35:27 :: received data1.5
[13388:INFO] 2014-08-17 12:35:29 :: received data1.5
[13388:INFO] 2014-08-17 12:35:31 :: received data1.5
[13388:INFO] 2014-08-17 12:35:33 :: received data1.5
[13388:INFO] 2014-08-17 12:35:35 :: received data1.5
[13388:INFO] 2014-08-17 12:35:37 :: received data1.5
[13388:INFO] 2014-08-17 12:35:39 :: received data1.5
[13388:INFO] 2014-08-17 12:35:41 :: received data1.5
[13388:INFO] 2014-08-17 12:35:43 :: received data1.5
[13388:INFO] 2014-08-17 12:35:45 :: received data1.5
[13388:INFO] 2014-08-17 12:35:47 :: received data1.5
[13388:INFO] 2014-08-17 12:35:49 :: received data1.5
[13388:INFO] 2014-08-17 12:35:51 :: received data1.5
[13388:INFO] 2014-08-17 12:35:53 :: received data1.5
[13388:INFO] 2014-08-17 12:35:55 :: received data1.5
[13388:INFO] 2014-08-17 12:35:57 :: received data1.5
[13388:INFO] 2014-08-17 12:35:59 :: received data1.5
[13388:INFO] 2014-08-17 12:36:01 :: received data1.5
[13388:INFO] 2014-08-17 12:36:03 :: received data1.5
[13388:INFO] 2014-08-17 12:36:05 :: received data1.5
[13388:INFO] 2014-08-17 12:36:07 :: received data1.5
[13388:INFO] 2014-08-17 12:36:09 :: received data1.5
[13388:INFO] 2014-08-17 12:36:11 :: received data1.5
[13388:INFO] 2014-08-17 12:36:13 :: received data1.5
[13388:INFO] 2014-08-17 12:36:15 :: received data1.5
[13388:INFO] 2014-08-17 12:36:17 :: received data1.5
[13388:INFO] 2014-08-17 12:36:19 :: received data1.5
[13388:INFO] 2014-08-17 12:36:21 :: received data1.5
[13388:INFO] 2014-08-17 12:36:23 :: received data1.5
[13388:INFO] 2014-08-17 12:36:25 :: received data1.5
[13388:INFO] 2014-08-17 12:36:27 :: received data1.5
[13388:INFO] 2014-08-17 12:36:30 :: received data1.5
[13388:INFO] 2014-08-17 12:36:32 :: received data1.5
[13388:INFO] 2014-08-17 12:36:33 :: received data1.5
[13388:INFO] 2014-08-17 12:36:35 :: received data1.5
[13388:INFO] 2014-08-17 12:36:38 :: received data1.5
[13388:INFO] 2014-08-17 12:36:40 :: received data1.5
[13388:INFO] 2014-08-17 12:36:42 :: received data1.5
[13388:INFO] 2014-08-17 12:36:44 :: received data1.5
[13388:INFO] 2014-08-17 12:36:46 :: received data1.5
[13388:INFO] 2014-08-17 12:36:48 :: received data1.5
[13388:INFO] 2014-08-17 12:36:50 :: received data1.5
[13388:INFO] 2014-08-17 12:36:52 :: received data1.5
[13388:INFO] 2014-08-17 12:36:54 :: received data1.5
[13388:INFO] 2014-08-17 12:36:56 :: received data1.5
[13388:INFO] 2014-08-17 12:36:58 :: received data1.5
[13388:INFO] 2014-08-17 12:37:00 :: received data1.5
[13388:INFO] 2014-08-17 12:37:02 :: received data1.5
[13388:INFO] 2014-08-17 12:37:04 :: received data1.5
[13388:INFO] 2014-08-17 12:37:06 :: received data1.5
[13388:INFO] 2014-08-17 12:37:08 :: received data1.5
[13388:INFO] 2014-08-17 12:37:10 :: received data1.5
[13388:INFO] 2014-08-17 12:37:12 :: received data1.5
[13388:INFO] 2014-08-17 12:37:14 :: received data1.5
[13388:INFO] 2014-08-17 12:37:16 :: received data1.5
[13388:INFO] 2014-08-17 12:37:18 :: received data1.5
[13388:INFO] 2014-08-17 12:37:20 :: received data1.5
[13388:INFO] 2014-08-17 12:37:22 :: received data1.5
[13388:INFO] 2014-08-17 12:37:24 :: received data1.5
[13388:INFO] 2014-08-17 12:37:26 :: received data1.5
[13388:INFO] 2014-08-17 12:37:28 :: received data1.5
[13388:INFO] 2014-08-17 12:37:30 :: received data1.5
[13388:INFO] 2014-08-17 12:37:32 :: received data1.5
[13388:INFO] 2014-08-17 12:37:34 :: received data1.5
[13388:INFO] 2014-08-17 12:37:37 :: received data1.5
[13388:INFO] 2014-08-17 12:37:38 :: received data1.5
[13388:INFO] 2014-08-17 12:37:40 :: received data1.5
[13388:INFO] 2014-08-17 12:37:42 :: received data1.5
[13388:INFO] 2014-08-17 12:37:45 :: received data1.5
[13388:INFO] 2014-08-17 12:37:47 :: received data1.5
[13388:INFO] 2014-08-17 12:37:49 :: received data1.5
[13388:INFO] 2014-08-17 12:37:51 :: received data1.5
[13388:INFO] 2014-08-17 12:37:53 :: received data1.5
[13388:INFO] 2014-08-17 12:37:55 :: received data1.5
[13388:INFO] 2014-08-17 12:37:57 :: received data1.5
[13388:INFO] 2014-08-17 12:37:59 :: received data1.5
[13388:INFO] 2014-08-17 12:38:01 :: received data1.5
[13388:INFO] 2014-08-17 12:38:03 :: received data1.5
[13388:INFO] 2014-08-17 12:38:05 :: received data1.5
[13388:INFO] 2014-08-17 12:38:07 :: received data1.5
[13388:INFO] 2014-08-17 12:38:09 :: received data1.5
[13388:INFO] 2014-08-17 12:38:11 :: received data1.5
[13388:INFO] 2014-08-17 12:38:13 :: received data1.5
[13388:INFO] 2014-08-17 12:38:15 :: received data1.5
[13388:INFO] 2014-08-17 12:38:17 :: received data1.5
[13388:INFO] 2014-08-17 12:38:19 :: received data1.5
[13388:INFO] 2014-08-17 12:38:21 :: received data1.5
[13388:INFO] 2014-08-17 12:38:23 :: received data1.5
[13388:INFO] 2014-08-17 12:38:25 :: received data1.5
[13388:INFO] 2014-08-17 12:38:27 :: received data1.5
[13388:INFO] 2014-08-17 12:38:29 :: received data1.5
[13388:INFO] 2014-08-17 12:38:31 :: received data1.5
[13388:INFO] 2014-08-17 12:38:33 :: received data1.5
[13388:INFO] 2014-08-17 12:38:35 :: received data1.5
[13388:INFO] 2014-08-17 12:38:37 :: received data1.5
[13388:INFO] 2014-08-17 12:38:39 :: received data1.5
[13388:INFO] 2014-08-17 12:38:41 :: received data1.5
[13388:INFO] 2014-08-17 12:38:43 :: received data1.5
[13388:INFO] 2014-08-17 12:38:45 :: received data1.5
[13388:INFO] 2014-08-17 12:38:47 :: received data1.5
[13388:INFO] 2014-08-17 12:38:49 :: received data1.5
[13388:INFO] 2014-08-17 12:38:51 :: received data1.5
[13388:INFO] 2014-08-17 12:38:54 :: received data1.5
[13388:INFO] 2014-08-17 12:38:56 :: received data1.5
[13388:INFO] 2014-08-17 12:38:58 :: received data1.5
[13388:INFO] 2014-08-17 12:38:59 :: received data1.5
[13388:INFO] 2014-08-17 12:39:02 :: received data1.5
[13388:INFO] 2014-08-17 12:39:04 :: received data1.5
[13388:INFO] 2014-08-17 12:39:06 :: received data1.5
[13388:INFO] 2014-08-17 12:39:08 :: received data1.5
[13388:INFO] 2014-08-17 12:39:10 :: received data1.5
[13388:INFO] 2014-08-17 12:39:12 :: received data1.5
[13388:INFO] 2014-08-17 12:39:14 :: received data1.5
[13388:INFO] 2014-08-17 12:39:16 :: received data1.5
[13388:INFO] 2014-08-17 12:39:18 :: received data1.5
[13388:INFO] 2014-08-17 12:39:20 :: received data1.5
[13388:INFO] 2014-08-17 12:39:22 :: received data1.5
[13388:INFO] 2014-08-17 12:39:24 :: received data1.5
[13388:INFO] 2014-08-17 12:39:26 :: received data1.5
[13388:INFO] 2014-08-17 12:39:28 :: received data1.5
[13388:INFO] 2014-08-17 12:39:30 :: received data1.5
[13388:INFO] 2014-08-17 12:39:32 :: received data1.5
[13388:INFO] 2014-08-17 12:39:34 :: received data1.5
[13388:INFO] 2014-08-17 12:39:36 :: received data1.5
[13388:INFO] 2014-08-17 12:39:38 :: received data1.5
[13388:INFO] 2014-08-17 12:39:40 :: received data1.5
[13388:INFO] 2014-08-17 12:39:42 :: received data1.5
[13388:INFO] 2014-08-17 12:39:44 :: received data1.5
[13388:INFO] 2014-08-17 12:39:46 :: received data1.5
[13388:INFO] 2014-08-17 12:39:48 :: received data1.5
[13388:INFO] 2014-08-17 12:39:50 :: received data1.5
[13388:INFO] 2014-08-17 12:39:52 :: received data1.5
[13388:INFO] 2014-08-17 12:39:54 :: received data1.5
[13388:INFO] 2014-08-17 12:39:56 :: received data1.5
[13388:INFO] 2014-08-17 12:39:58 :: received data1.5
[13388:INFO] 2014-08-17 12:40:00 :: received data1.5
[13388:INFO] 2014-08-17 12:40:02 :: received data1.5
[13388:INFO] 2014-08-17 12:40:04 :: received data1.5
[13388:INFO] 2014-08-17 12:40:06 :: received data1.5
[13388:INFO] 2014-08-17 12:40:08 :: received data1.5
[13388:INFO] 2014-08-17 12:40:11 :: received data1.5
[13388:INFO] 2014-08-17 12:40:13 :: received data1.5
[13388:INFO] 2014-08-17 12:40:15 :: received data1.5
[13388:INFO] 2014-08-17 12:40:17 :: received data1.5
[13388:INFO] 2014-08-17 12:40:19 :: received data1.5
[13388:INFO] 2014-08-17 12:40:21 :: received data1.5
[13388:INFO] 2014-08-17 12:40:23 :: received data1.5
[13388:INFO] 2014-08-17 12:40:25 :: received data1.5
[13388:INFO] 2014-08-17 12:40:27 :: received data1.5
[13388:INFO] 2014-08-17 12:40:29 :: received data1.5
[13388:INFO] 2014-08-17 12:40:31 :: received data1.5
[13388:INFO] 2014-08-17 12:40:33 :: received data1.5
[13388:INFO] 2014-08-17 12:40:35 :: received data1.5
[13388:INFO] 2014-08-17 12:40:37 :: received data1.5
[13388:INFO] 2014-08-17 12:40:39 :: received data1.5
[13388:INFO] 2014-08-17 12:40:41 :: received data1.5
[13388:INFO] 2014-08-17 12:40:43 :: received data1.5
[13388:INFO] 2014-08-17 12:40:45 :: received data1.5
[13388:INFO] 2014-08-17 12:40:47 :: received data1.5
[13388:INFO] 2014-08-17 12:40:49 :: received data1.5
[13388:INFO] 2014-08-17 12:40:51 :: received data1.5
[13388:ERROR] 2014-08-17 22:34:00 :: on_close Exception: NoMethodError, message: undefined method `[]' for nil:NilClass
[35450:INFO] 2014-10-10 21:04:57 :: Starting server on 0.0.0.0:9000 in development mode. Watch out for stones.
[72920:INFO] 2014-10-18 11:14:32 :: Starting server on 0.0.0.0:9000 in development mode. Watch out for stones.
[72924:INFO] 2014-10-18 11:14:45 :: Starting server on 0.0.0.0:9000 in development mode. Watch out for stones.
[72926:INFO] 2014-10-18 11:15:04 :: Starting server on 0.0.0.0:9000 in development mode. Watch out for stones.
[72926:INFO] 2014-10-18 11:18:58 :: Setup ready
[72926:INFO] 2014-10-18 11:19:36 :: Socket connection closed
[72926:INFO] 2014-10-18 11:20:08 :: Setup ready
[72926:INFO] 2014-10-18 11:20:12 :: before update 2014-10-18 11:20:12 +0200
[72926:INFO] 2014-10-18 11:20:12 :: after update 2014-10-18 11:20:12 +0200
[72926:INFO] 2014-10-18 11:20:12 :: after publish 2014-10-18 11:20:12 +0200 
[72926:INFO] 2014-10-18 11:20:16 :: before update 2014-10-18 11:20:16 +0200
[72926:INFO] 2014-10-18 11:20:16 :: after update 2014-10-18 11:20:16 +0200
[72926:INFO] 2014-10-18 11:20:16 :: after publish 2014-10-18 11:20:16 +0200 
[72926:INFO] 2014-10-18 11:20:18 :: before update 2014-10-18 11:20:18 +0200
[72926:INFO] 2014-10-18 11:20:18 :: after update 2014-10-18 11:20:18 +0200
[72926:INFO] 2014-10-18 11:20:18 :: after publish 2014-10-18 11:20:18 +0200 
[72926:INFO] 2014-10-18 11:20:22 :: before update 2014-10-18 11:20:22 +0200
[72926:INFO] 2014-10-18 11:20:22 :: after update 2014-10-18 11:20:22 +0200
[72926:INFO] 2014-10-18 11:20:22 :: after publish 2014-10-18 11:20:22 +0200 
[72926:INFO] 2014-10-18 11:20:26 :: before update 2014-10-18 11:20:26 +0200
[72926:INFO] 2014-10-18 11:20:26 :: after update 2014-10-18 11:20:26 +0200
[72926:INFO] 2014-10-18 11:20:26 :: after publish 2014-10-18 11:20:26 +0200 
[72926:INFO] 2014-10-18 11:20:28 :: before update 2014-10-18 11:20:28 +0200
[72926:INFO] 2014-10-18 11:20:28 :: after update 2014-10-18 11:20:28 +0200
[72926:INFO] 2014-10-18 11:20:28 :: after publish 2014-10-18 11:20:28 +0200 
[72926:INFO] 2014-10-18 11:20:32 :: before update 2014-10-18 11:20:32 +0200
[72926:INFO] 2014-10-18 11:20:33 :: after update 2014-10-18 11:20:32 +0200
[72926:INFO] 2014-10-18 11:20:33 :: after publish 2014-10-18 11:20:33 +0200 
[72926:INFO] 2014-10-18 11:20:37 :: before update 2014-10-18 11:20:37 +0200
[72926:INFO] 2014-10-18 11:20:37 :: after update 2014-10-18 11:20:37 +0200
[72926:INFO] 2014-10-18 11:20:37 :: after publish 2014-10-18 11:20:37 +0200 
[72926:INFO] 2014-10-18 11:20:39 :: before update 2014-10-18 11:20:39 +0200
[72926:INFO] 2014-10-18 11:20:39 :: after update 2014-10-18 11:20:39 +0200
[72926:INFO] 2014-10-18 11:20:39 :: after publish 2014-10-18 11:20:39 +0200 
[72926:INFO] 2014-10-18 11:20:43 :: before update 2014-10-18 11:20:43 +0200
[72926:INFO] 2014-10-18 11:20:43 :: after update 2014-10-18 11:20:43 +0200
[72926:INFO] 2014-10-18 11:20:43 :: after publish 2014-10-18 11:20:43 +0200 
[72926:INFO] 2014-10-18 11:20:45 :: before update 2014-10-18 11:20:45 +0200
[72926:INFO] 2014-10-18 11:20:45 :: after update 2014-10-18 11:20:45 +0200
[72926:INFO] 2014-10-18 11:20:45 :: after publish 2014-10-18 11:20:45 +0200 
[72926:INFO] 2014-10-18 11:20:49 :: before update 2014-10-18 11:20:49 +0200
[72926:INFO] 2014-10-18 11:20:49 :: after update 2014-10-18 11:20:49 +0200
[72926:INFO] 2014-10-18 11:20:49 :: after publish 2014-10-18 11:20:49 +0200 
[72926:INFO] 2014-10-18 11:20:53 :: before update 2014-10-18 11:20:53 +0200
[72926:INFO] 2014-10-18 11:20:53 :: after update 2014-10-18 11:20:53 +0200
[72926:INFO] 2014-10-18 11:20:53 :: after publish 2014-10-18 11:20:53 +0200 
[72926:INFO] 2014-10-18 11:20:55 :: before update 2014-10-18 11:20:55 +0200
[72926:INFO] 2014-10-18 11:20:55 :: after update 2014-10-18 11:20:55 +0200
[72926:INFO] 2014-10-18 11:20:55 :: after publish 2014-10-18 11:20:55 +0200 
[72926:INFO] 2014-10-18 11:20:59 :: before update 2014-10-18 11:20:59 +0200
[72926:INFO] 2014-10-18 11:20:59 :: after update 2014-10-18 11:20:59 +0200
[72926:INFO] 2014-10-18 11:20:59 :: after publish 2014-10-18 11:20:59 +0200 
[72926:INFO] 2014-10-18 11:21:01 :: before update 2014-10-18 11:21:01 +0200
[72926:INFO] 2014-10-18 11:21:01 :: after update 2014-10-18 11:21:01 +0200
[72926:INFO] 2014-10-18 11:21:01 :: after publish 2014-10-18 11:21:01 +0200 
[72926:INFO] 2014-10-18 11:21:05 :: before update 2014-10-18 11:21:05 +0200
[72926:INFO] 2014-10-18 11:21:05 :: after update 2014-10-18 11:21:05 +0200
[72926:INFO] 2014-10-18 11:21:05 :: after publish 2014-10-18 11:21:05 +0200 
[72926:INFO] 2014-10-18 11:21:07 :: Socket connection closed
[72978:INFO] 2014-10-18 11:21:08 :: Starting server on 0.0.0.0:9000 in development mode. Watch out for stones.
[72978:INFO] 2014-10-18 11:21:40 :: Setup ready
[72978:INFO] 2014-10-18 11:21:43 :: before update 1413624103
[72978:INFO] 2014-10-18 11:21:43 :: after update 1413624103
[72978:INFO] 2014-10-18 11:21:43 :: after publish 1413624103 
[72978:INFO] 2014-10-18 11:21:47 :: before update 1413624107
[72978:INFO] 2014-10-18 11:21:47 :: after update 1413624107
[72978:INFO] 2014-10-18 11:21:47 :: after publish 1413624107 
[72978:INFO] 2014-10-18 11:21:51 :: before update 1413624111
[72978:INFO] 2014-10-18 11:21:51 :: after update 1413624111
[72978:INFO] 2014-10-18 11:21:51 :: after publish 1413624111 
[72978:INFO] 2014-10-18 11:21:53 :: before update 1413624113
[72978:INFO] 2014-10-18 11:21:53 :: after update 1413624113
[72978:INFO] 2014-10-18 11:21:53 :: after publish 1413624113 
[72978:INFO] 2014-10-18 11:21:57 :: before update 1413624117
[72978:INFO] 2014-10-18 11:21:57 :: after update 1413624117
[72978:INFO] 2014-10-18 11:21:57 :: after publish 1413624117 
[72978:INFO] 2014-10-18 11:22:00 :: before update 1413624120
[72978:INFO] 2014-10-18 11:22:00 :: after update 1413624120
[72978:INFO] 2014-10-18 11:22:00 :: after publish 1413624120 
[72978:INFO] 2014-10-18 11:22:03 :: before update 1413624123
[72978:INFO] 2014-10-18 11:22:03 :: after update 1413624123
[72978:INFO] 2014-10-18 11:22:03 :: after publish 1413624123 
[72978:INFO] 2014-10-18 11:22:08 :: before update 1413624128
[72978:INFO] 2014-10-18 11:22:08 :: after update 1413624128
[72978:INFO] 2014-10-18 11:22:08 :: after publish 1413624128 
[72978:INFO] 2014-10-18 11:22:10 :: before update 1413624130
[72978:INFO] 2014-10-18 11:22:10 :: after update 1413624130
[72978:INFO] 2014-10-18 11:22:10 :: after publish 1413624130 
[72978:INFO] 2014-10-18 11:22:14 :: before update 1413624134
[72978:INFO] 2014-10-18 11:22:14 :: after update 1413624134
[72978:INFO] 2014-10-18 11:22:14 :: after publish 1413624134 
[72978:INFO] 2014-10-18 11:22:18 :: before update 1413624138
[72978:INFO] 2014-10-18 11:22:18 :: after update 1413624138
[72978:INFO] 2014-10-18 11:22:18 :: after publish 1413624138 
[72978:INFO] 2014-10-18 11:22:20 :: before update 1413624140
[72978:INFO] 2014-10-18 11:22:20 :: after update 1413624140
[72978:INFO] 2014-10-18 11:22:20 :: after publish 1413624140 
[72978:INFO] 2014-10-18 11:22:24 :: before update 1413624144
[72978:INFO] 2014-10-18 11:22:24 :: after update 1413624144
[72978:INFO] 2014-10-18 11:22:24 :: after publish 1413624144 
[72978:INFO] 2014-10-18 11:22:26 :: before update 1413624146
[72978:INFO] 2014-10-18 11:22:26 :: after update 1413624146
[72978:INFO] 2014-10-18 11:22:26 :: after publish 1413624146 
[72978:INFO] 2014-10-18 11:22:30 :: before update 1413624150
[72978:INFO] 2014-10-18 11:22:30 :: after update 1413624150
[72978:INFO] 2014-10-18 11:22:30 :: after publish 1413624150 
[72978:INFO] 2014-10-18 11:22:34 :: before update 1413624154
[72978:INFO] 2014-10-18 11:22:34 :: after update 1413624154
[72978:INFO] 2014-10-18 11:22:34 :: after publish 1413624154 
[72978:INFO] 2014-10-18 11:22:36 :: before update 1413624156
[72978:INFO] 2014-10-18 11:22:36 :: after update 1413624156
[72978:INFO] 2014-10-18 11:22:36 :: after publish 1413624156 
[72978:INFO] 2014-10-18 11:22:40 :: before update 1413624160
[72978:INFO] 2014-10-18 11:22:40 :: after update 1413624160
[72978:INFO] 2014-10-18 11:22:40 :: after publish 1413624160 
[72978:INFO] 2014-10-18 11:22:44 :: before update 1413624164
[72978:INFO] 2014-10-18 11:22:44 :: after update 1413624164
[72978:INFO] 2014-10-18 11:22:44 :: after publish 1413624164 
[72978:INFO] 2014-10-18 11:22:46 :: before update 1413624166
[72978:INFO] 2014-10-18 11:22:46 :: after update 1413624166
[72978:INFO] 2014-10-18 11:22:46 :: after publish 1413624166 
[72978:INFO] 2014-10-18 11:22:50 :: before update 1413624170
[72978:INFO] 2014-10-18 11:22:50 :: after update 1413624170
[72978:INFO] 2014-10-18 11:22:50 :: after publish 1413624170 
[72978:INFO] 2014-10-18 11:22:52 :: before update 1413624172
[72978:INFO] 2014-10-18 11:22:52 :: after update 1413624172
[72978:INFO] 2014-10-18 11:22:52 :: after publish 1413624172 
[72978:INFO] 2014-10-18 11:22:56 :: before update 1413624176
[72978:INFO] 2014-10-18 11:22:56 :: after update 1413624176
[72978:INFO] 2014-10-18 11:22:56 :: after publish 1413624176 
[72978:INFO] 2014-10-18 11:23:00 :: before update 1413624180
[72978:INFO] 2014-10-18 11:23:00 :: after update 1413624180
[72978:INFO] 2014-10-18 11:23:00 :: after publish 1413624180 
[72978:INFO] 2014-10-18 11:23:02 :: before update 1413624182
[72978:INFO] 2014-10-18 11:23:02 :: after update 1413624182
[72978:INFO] 2014-10-18 11:23:02 :: after publish 1413624182 
[72978:INFO] 2014-10-18 11:23:06 :: before update 1413624186
[72978:INFO] 2014-10-18 11:23:06 :: after update 1413624186
[72978:INFO] 2014-10-18 11:23:06 :: after publish 1413624186 
[72978:INFO] 2014-10-18 11:23:10 :: before update 1413624190
[72978:INFO] 2014-10-18 11:23:10 :: after update 1413624190
[72978:INFO] 2014-10-18 11:23:10 :: after publish 1413624190 
[72978:INFO] 2014-10-18 11:23:12 :: before update 1413624192
[72978:INFO] 2014-10-18 11:23:12 :: after update 1413624192
[72978:INFO] 2014-10-18 11:23:12 :: after publish 1413624192 
[72978:INFO] 2014-10-18 11:23:17 :: before update 1413624197
[72978:INFO] 2014-10-18 11:23:17 :: after update 1413624197
[72978:INFO] 2014-10-18 11:23:17 :: after publish 1413624197 
[72978:INFO] 2014-10-18 11:23:19 :: before update 1413624199
[72978:INFO] 2014-10-18 11:23:19 :: after update 1413624199
[72978:INFO] 2014-10-18 11:23:19 :: after publish 1413624199 
[72978:INFO] 2014-10-18 11:23:22 :: before update 1413624202
[72978:INFO] 2014-10-18 11:23:22 :: after update 1413624202
[72978:INFO] 2014-10-18 11:23:22 :: after publish 1413624202 
[72978:INFO] 2014-10-18 11:23:27 :: before update 1413624207
[72978:INFO] 2014-10-18 11:23:27 :: after update 1413624207
[72978:INFO] 2014-10-18 11:23:27 :: after publish 1413624207 
[72978:INFO] 2014-10-18 11:23:29 :: before update 1413624209
[72978:INFO] 2014-10-18 11:23:29 :: after update 1413624209
[72978:INFO] 2014-10-18 11:23:29 :: after publish 1413624209 
[72978:INFO] 2014-10-18 11:23:33 :: before update 1413624213
[72978:INFO] 2014-10-18 11:23:33 :: after update 1413624213
[72978:INFO] 2014-10-18 11:23:33 :: after publish 1413624213 
[72978:INFO] 2014-10-18 11:23:35 :: before update 1413624215
[72978:INFO] 2014-10-18 11:23:35 :: after update 1413624215
[72978:INFO] 2014-10-18 11:23:35 :: after publish 1413624215 
[72978:INFO] 2014-10-18 11:23:39 :: before update 1413624219
[72978:INFO] 2014-10-18 11:23:39 :: after update 1413624219
[72978:INFO] 2014-10-18 11:23:39 :: after publish 1413624219 
[72978:INFO] 2014-10-18 11:23:43 :: before update 1413624223
[72978:INFO] 2014-10-18 11:23:43 :: after update 1413624223
[72978:INFO] 2014-10-18 11:23:43 :: after publish 1413624223 
[72978:INFO] 2014-10-18 11:23:45 :: before update 1413624225
[72978:INFO] 2014-10-18 11:23:45 :: after update 1413624225
[72978:INFO] 2014-10-18 11:23:45 :: after publish 1413624225 
[72978:INFO] 2014-10-18 11:23:49 :: before update 1413624229
[72978:INFO] 2014-10-18 11:23:49 :: after update 1413624229
[72978:INFO] 2014-10-18 11:23:49 :: after publish 1413624229 
[72978:INFO] 2014-10-18 11:23:53 :: before update 1413624233
[72978:INFO] 2014-10-18 11:23:53 :: after update 1413624233
[72978:INFO] 2014-10-18 11:23:53 :: after publish 1413624233 
[72978:INFO] 2014-10-18 11:23:55 :: before update 1413624235
[72978:INFO] 2014-10-18 11:23:55 :: after update 1413624235
[72978:INFO] 2014-10-18 11:23:55 :: after publish 1413624235 
[72978:INFO] 2014-10-18 11:23:59 :: before update 1413624239
[72978:INFO] 2014-10-18 11:23:59 :: after update 1413624239
[72978:INFO] 2014-10-18 11:23:59 :: after publish 1413624239 
[72978:INFO] 2014-10-18 11:24:01 :: before update 1413624241
[72978:INFO] 2014-10-18 11:24:01 :: after update 1413624241
[72978:INFO] 2014-10-18 11:24:01 :: after publish 1413624241 
[72978:INFO] 2014-10-18 11:24:05 :: before update 1413624245
[72978:INFO] 2014-10-18 11:24:05 :: after update 1413624245
[72978:INFO] 2014-10-18 11:24:05 :: after publish 1413624245 
[72978:INFO] 2014-10-18 11:24:09 :: before update 1413624249
[72978:INFO] 2014-10-18 11:24:09 :: after update 1413624249
[72978:INFO] 2014-10-18 11:24:09 :: after publish 1413624249 
[72978:INFO] 2014-10-18 11:24:11 :: before update 1413624251
[72978:INFO] 2014-10-18 11:24:11 :: after update 1413624251
[72978:INFO] 2014-10-18 11:24:11 :: after publish 1413624251 
[72978:INFO] 2014-10-18 11:24:15 :: before update 1413624255
[72978:INFO] 2014-10-18 11:24:15 :: after update 1413624255
[72978:INFO] 2014-10-18 11:24:15 :: after publish 1413624255 
[72978:INFO] 2014-10-18 11:24:17 :: before update 1413624257
[72978:INFO] 2014-10-18 11:24:17 :: after update 1413624257
[72978:INFO] 2014-10-18 11:24:17 :: after publish 1413624257 
[72978:INFO] 2014-10-18 11:24:21 :: before update 1413624261
[72978:INFO] 2014-10-18 11:24:21 :: after update 1413624261
[72978:INFO] 2014-10-18 11:24:21 :: after publish 1413624261 
[72978:INFO] 2014-10-18 11:24:25 :: before update 1413624265
[72978:INFO] 2014-10-18 11:24:25 :: after update 1413624265
[72978:INFO] 2014-10-18 11:24:25 :: after publish 1413624265 
[72978:INFO] 2014-10-18 11:24:27 :: before update 1413624267
[72978:INFO] 2014-10-18 11:24:27 :: after update 1413624267
[72978:INFO] 2014-10-18 11:24:27 :: after publish 1413624267 
[72978:INFO] 2014-10-18 11:24:32 :: before update 1413624272
[72978:INFO] 2014-10-18 11:24:32 :: after update 1413624272
[72978:INFO] 2014-10-18 11:24:32 :: after publish 1413624272 
[72978:INFO] 2014-10-18 11:25:09 :: before update 1413624309
[72978:INFO] 2014-10-18 11:25:09 :: after update 1413624309
[72978:INFO] 2014-10-18 11:25:09 :: after publish 1413624309 
[72978:INFO] 2014-10-18 11:25:25 :: before update 1413624325
[72978:INFO] 2014-10-18 11:25:25 :: after update 1413624325
[72978:INFO] 2014-10-18 11:25:25 :: after publish 1413624325 
[72978:INFO] 2014-10-18 11:25:28 :: before update 1413624328
[72978:INFO] 2014-10-18 11:25:28 :: after update 1413624328
[72978:INFO] 2014-10-18 11:25:28 :: after publish 1413624328 
[72978:INFO] 2014-10-18 11:25:28 :: before update 1413624328
[72978:INFO] 2014-10-18 11:25:28 :: after update 1413624328
[72978:INFO] 2014-10-18 11:25:28 :: after publish 1413624328 
[72978:INFO] 2014-10-18 11:25:28 :: before update 1413624328
[72978:INFO] 2014-10-18 11:25:28 :: after update 1413624328
[72978:INFO] 2014-10-18 11:25:28 :: after publish 1413624328 
[72978:INFO] 2014-10-18 11:25:28 :: before update 1413624328
[72978:INFO] 2014-10-18 11:25:28 :: after update 1413624328
[72978:INFO] 2014-10-18 11:25:28 :: after publish 1413624328 
[72978:INFO] 2014-10-18 11:25:28 :: before update 1413624328
[72978:INFO] 2014-10-18 11:25:28 :: after update 1413624328
[72978:INFO] 2014-10-18 11:25:28 :: after publish 1413624328 
[72978:INFO] 2014-10-18 11:25:28 :: before update 1413624328
[72978:INFO] 2014-10-18 11:25:28 :: after update 1413624328
[72978:INFO] 2014-10-18 11:25:28 :: after publish 1413624328 
[72978:INFO] 2014-10-18 11:25:28 :: before update 1413624328
[72978:INFO] 2014-10-18 11:25:28 :: after update 1413624328
[72978:INFO] 2014-10-18 11:25:28 :: after publish 1413624328 
[72978:INFO] 2014-10-18 11:25:28 :: before update 1413624328
[72978:INFO] 2014-10-18 11:25:28 :: after update 1413624328
[72978:INFO] 2014-10-18 11:25:28 :: after publish 1413624328 
[72978:INFO] 2014-10-18 11:25:28 :: before update 1413624328
[72978:INFO] 2014-10-18 11:25:28 :: after update 1413624328
[72978:INFO] 2014-10-18 11:25:28 :: after publish 1413624328 
[72978:INFO] 2014-10-18 11:25:28 :: before update 1413624328
[72978:INFO] 2014-10-18 11:25:28 :: after update 1413624328
[72978:INFO] 2014-10-18 11:25:28 :: after publish 1413624328 
[72978:INFO] 2014-10-18 11:25:28 :: before update 1413624328
[72978:INFO] 2014-10-18 11:25:28 :: after update 1413624328
[72978:INFO] 2014-10-18 11:25:28 :: after publish 1413624328 
[72978:INFO] 2014-10-18 11:25:28 :: before update 1413624328
[72978:INFO] 2014-10-18 11:25:28 :: after update 1413624328
[72978:INFO] 2014-10-18 11:25:28 :: after publish 1413624328 
[72978:INFO] 2014-10-18 11:25:28 :: before update 1413624328
[72978:INFO] 2014-10-18 11:25:28 :: after update 1413624328
[72978:INFO] 2014-10-18 11:25:28 :: after publish 1413624328 
[72978:INFO] 2014-10-18 11:25:28 :: before update 1413624328
[72978:INFO] 2014-10-18 11:25:28 :: after update 1413624328
[72978:INFO] 2014-10-18 11:25:28 :: after publish 1413624328 
[72978:INFO] 2014-10-18 11:25:28 :: before update 1413624328
[72978:INFO] 2014-10-18 11:25:28 :: after update 1413624328
[72978:INFO] 2014-10-18 11:25:28 :: after publish 1413624328 
[72978:INFO] 2014-10-18 11:25:30 :: before update 1413624330
[72978:INFO] 2014-10-18 11:25:30 :: after update 1413624330
[72978:INFO] 2014-10-18 11:25:30 :: after publish 1413624330 
[72978:INFO] 2014-10-18 11:25:34 :: before update 1413624334
[72978:INFO] 2014-10-18 11:25:34 :: after update 1413624334
[72978:INFO] 2014-10-18 11:25:34 :: after publish 1413624334 
[72978:INFO] 2014-10-18 11:25:36 :: before update 1413624336
[72978:INFO] 2014-10-18 11:25:36 :: after update 1413624336
[72978:INFO] 2014-10-18 11:25:36 :: after publish 1413624336 
[72978:INFO] 2014-10-18 11:25:41 :: before update 1413624341
[72978:INFO] 2014-10-18 11:25:41 :: after update 1413624341
[72978:INFO] 2014-10-18 11:25:41 :: after publish 1413624341 
[72978:INFO] 2014-10-18 11:25:44 :: before update 1413624344
[72978:INFO] 2014-10-18 11:25:44 :: after update 1413624344
[72978:INFO] 2014-10-18 11:25:44 :: after publish 1413624344 
[72978:INFO] 2014-10-18 11:25:46 :: before update 1413624346
[72978:INFO] 2014-10-18 11:25:46 :: after update 1413624346
[72978:INFO] 2014-10-18 11:25:46 :: after publish 1413624346 
[72978:INFO] 2014-10-18 11:25:50 :: before update 1413624350
[72978:INFO] 2014-10-18 11:25:50 :: after update 1413624350
[72978:INFO] 2014-10-18 11:25:50 :: after publish 1413624350 
[72978:INFO] 2014-10-18 11:25:53 :: before update 1413624353
[72978:INFO] 2014-10-18 11:25:53 :: after update 1413624353
[72978:INFO] 2014-10-18 11:25:53 :: after publish 1413624353 
[72978:INFO] 2014-10-18 11:25:57 :: before update 1413624357
[72978:INFO] 2014-10-18 11:25:57 :: after update 1413624357
[72978:INFO] 2014-10-18 11:25:57 :: after publish 1413624357 
[72978:INFO] 2014-10-18 11:26:01 :: before update 1413624361
[72978:INFO] 2014-10-18 11:26:01 :: after update 1413624361
[72978:INFO] 2014-10-18 11:26:01 :: after publish 1413624361 
[72978:INFO] 2014-10-18 11:26:02 :: Socket connection closed
[73005:INFO] 2014-10-18 11:26:03 :: Starting server on 0.0.0.0:9000 in development mode. Watch out for stones.
[73005:INFO] 2014-10-18 11:26:43 :: Setup ready
[73005:INFO] 2014-10-18 11:35:58 :: Socket connection closed
[74172:INFO] 2014-10-18 11:35:59 :: Starting server on 0.0.0.0:9000 in development mode. Watch out for stones.
[74172:INFO] 2014-10-18 11:36:32 :: Setup ready
[74172:INFO] 2014-10-18 11:38:44 :: Socket connection closed
[74200:INFO] 2014-10-18 11:38:45 :: Starting server on 0.0.0.0:9000 in development mode. Watch out for stones.
[74200:INFO] 2014-10-18 11:39:23 :: Setup ready
[74200:INFO] 2014-10-18 11:47:56 :: Setup ready
[74200:INFO] 2014-10-18 11:49:26 :: Socket connection closed
[74200:INFO] 2014-10-18 11:49:26 :: Socket connection closed
[74408:INFO] 2014-10-18 11:49:27 :: Starting server on 0.0.0.0:9000 in development mode. Watch out for stones.
[74408:INFO] 2014-10-18 11:50:09 :: Setup ready
[74408:INFO] 2014-10-18 11:54:29 :: Socket connection closed
[74450:INFO] 2014-10-18 11:54:30 :: Starting server on 0.0.0.0:9000 in development mode. Watch out for stones.
[74455:INFO] 2014-10-18 11:55:16 :: Starting server on 0.0.0.0:9000 in development mode. Watch out for stones.
[74455:INFO] 2014-10-18 11:55:56 :: setup ready: sensor ard_t
[74455:INFO] 2014-10-18 12:16:47 :: setup ready: sensor ard_t
[74455:INFO] 2014-10-18 12:44:38 :: Socket connection closed
[74455:INFO] 2014-10-18 12:44:38 :: Socket connection closed
[74834:INFO] 2014-10-18 12:44:39 :: Starting server on 0.0.0.0:9000 in development mode. Watch out for stones.
